-------------------------------------------------------------------------------
Test set: com.example.me.application.rest.BookControllerTest
-------------------------------------------------------------------------------
Tests run: 1, Failures: 0, Errors: 1, Skipped: 0, Time elapsed: 0.38 s <<< FAILURE! - in com.example.me.application.rest.BookControllerTest
com.example.me.application.rest.BookControllerTest  Time elapsed: 0.371 s  <<< ERROR!
java.lang.IllegalStateException: Unable to find a @SpringBootConfiguration, you need to use @ContextConfiguration or @SpringBootTest(classes=...) with your test

